Line 112: Property Picture in TerD could not be set.
Line 123: Property Picture in RefD could not be set.
Line 134: Property Picture in TerminaV could not be set.
Line 145: Property Picture in RefreshV could not be set.
Line 156: Property Picture in TerminaG could not be set.
Line 167: Property Picture in RefreshG could not be set.
Line 178: Property Picture in ProcessG could not be set.
Line 189: Property Picture in AscundeD could not be set.
Line 200: Property Picture in OptimD could not be set.
Line 211: Property Picture in iesireD could not be set.
Line 222: Property Picture in DespreD could not be set.
Line 233: Property Picture in ajutorD could not be set.
Line 244: Property Picture in optiuniD could not be set.
Line 255: Property Picture in ascundeV could not be set.
Line 266: Property Picture in ascundeG could not be set.
Line 277: Property Picture in optimV could not be set.
Line 288: Property Picture in optimG could not be set.
Line 299: Property Picture in ProcesV could not be set.
Line 310: Property Picture in ProcesG could not be set.
Line 321: Property Picture in optiuniV could not be set.
Line 332: Property Picture in optiuniG could not be set.
Line 343: Property Picture in ajutorV could not be set.
Line 354: Property Picture in ajutorG could not be set.
Line 365: Property Picture in DespreN could not be set.
Line 376: Property Picture in DespreG could not be set.
Line 387: Property Picture in iesireV could not be set.
Line 398: Property Picture in iesireG could not be set.
Line 409: Property Picture in LedAprins could not be set.
Line 420: Property Picture in LedStins could not be set.
Line 974: Property Picture in LED could not be set.
Line 1091: Property Picture in PicturaSys could not be set.
Line 1103: Property Picture in PicturaSys could not be set.
Line 1115: Property Picture in PicturaSys could not be set.
Line 1127: Property Picture in PicturaSys could not be set.
Line 1139: Property Picture in PicturaSys could not be set.
Line 1185: Property Picture in OptimMemorie could not be set.
Line 1270: Property Picture in Image3 could not be set.
Line 1278: Property Picture in Image2 could not be set.
Line 1294: Property Picture in TerminaProces could not be set.
Line 1301: Property Picture in RefreshQ could not be set.
Line 1308: Property Picture in Procesee could not be set.
Line 1315: Property Picture in Iesire could not be set.
Line 1322: Property Picture in Despre could not be set.
Line 1329: Property Picture in Ajutor could not be set.
Line 1336: Property Picture in Optiuni could not be set.
Line 1343: Property Picture in Ascunde could not be set.
Line 1350: Property Picture in ElibereazaMem could not be set.
Line 1549: Property Picture in Image1 could not be set.
