Line 263: Property Picture in RefreshV could not be set.
Line 274: Property Picture in TerminaG could not be set.
Line 285: Property Picture in RefreshG could not be set.
Line 296: Property Picture in ProcessG could not be set.
Line 307: Property Picture in AscundeD could not be set.
Line 318: Property Picture in OptimD could not be set.
Line 329: Property Picture in iesireD could not be set.
Line 340: Property Picture in DespreD could not be set.
Line 351: Property Picture in ajutorD could not be set.
Line 362: Property Picture in optiuniD could not be set.
Line 373: Property Picture in ascundeV could not be set.
Line 384: Property Picture in ascundeG could not be set.
Line 395: Property Picture in optimV could not be set.
Line 406: Property Picture in optimG could not be set.
Line 417: Property Picture in ProcesV could not be set.
Line 428: Property Picture in ProcesG could not be set.
Line 439: Property Picture in optiuniV could not be set.
Line 450: Property Picture in optiuniG could not be set.
Line 461: Property Picture in ajutorV could not be set.
Line 472: Property Picture in ajutorG could not be set.
Line 483: Property Picture in DespreN could not be set.
Line 494: Property Picture in DespreG could not be set.
Line 505: Property Picture in iesireV could not be set.
Line 516: Property Picture in iesireG could not be set.
Line 527: Property Picture in LedAprins could not be set.
Line 538: Property Picture in LedStins could not be set.
Line 1216: Property Picture in LED could not be set.
